<?xml version="1.0" encoding="UTF-8"?>
<!-- Generated by org.testng.reporters.JUnitReportReporter -->
<testsuite hostname="LTIN284606" failures="0" tests="1" name="com.testcases.MoviePageTest" time="43.670" errors="0" timestamp="2022-09-06T17:43:44 IST" skipped="0">
  <testcase classname="com.testcases.MoviePageTest" name="moviedetailsvalidate" time="43.670"/>
  <system-out/>
</testsuite> <!-- com.testcases.MoviePageTest -->
